This file contains any messages produced by compilers while
running configure, to aid debugging if configure makes a mistake.

It was created by configure, which was
generated by GNU Autoconf 2.65.  Invocation command line was

  $ ./configure 

## --------- ##
## Platform. ##
## --------- ##

hostname = eddie
uname -m = i686
uname -r = 2.6.43.5-2.fc15.i686
uname -s = Linux
uname -v = #1 SMP Tue May 8 12:07:12 UTC 2012

/usr/bin/uname -p = unknown
/bin/uname -X     = unknown

/bin/arch              = i686
/usr/bin/arch -k       = unknown
/usr/convex/getsysinfo = unknown
/usr/bin/hostinfo      = unknown
/bin/machine           = unknown
/usr/bin/oslevel       = unknown
/bin/universe          = unknown

PATH: /home/josh/devel/pgdb/bin
PATH: /home/josh/apps/bin
PATH: /home/josh/apps/parrot/bin
PATH: /var/lib/python-support/python2.6/django/bin
PATH: /home/josh/apps/fbcmd/
PATH: /home/josh/apps/google-earth
PATH: /home/josh/devel/pgdb/bin
PATH: /home/josh/apps/bin
PATH: /home/josh/apps/parrot/bin
PATH: /var/lib/python-support/python2.6/django/bin
PATH: /home/josh/apps/fbcmd/
PATH: /home/josh/apps/google-earth
PATH: /home/josh/.rvm/gems/ruby-1.8.7-p352/bin
PATH: /home/josh/.rvm/gems/ruby-1.8.7-p352@global/bin
PATH: /home/josh/.rvm/rubies/ruby-1.8.7-p352/bin
PATH: /home/josh/.rvm/bin
PATH: /home/josh/devel/pgdb/bin
PATH: /home/josh/apps/bin
PATH: /home/josh/apps/parrot/bin
PATH: /var/lib/python-support/python2.6/django/bin
PATH: /home/josh/apps/fbcmd/
PATH: /home/josh/apps/google-earth
PATH: /usr/lib/qt-3.3/bin
PATH: /usr/local/bin
PATH: /usr/bin
PATH: /bin
PATH: /usr/local/sbin
PATH: /usr/sbin
PATH: /sbin
PATH: /home/josh/bin


## ----------- ##
## Core tests. ##
## ----------- ##

configure:2282: checking for g++
configure:2298: found /usr/bin/g++
configure:2309: result: g++
configure:2336: checking for C++ compiler version
configure:2345: g++ --version >&5
g++ (GCC) 4.6.3 20120306 (Red Hat 4.6.3-2)
Copyright (C) 2011 Free Software Foundation, Inc.
This is free software; see the source for copying conditions.  There is NO
warranty; not even for MERCHANTABILITY or FITNESS FOR A PARTICULAR PURPOSE.

configure:2356: $? = 0
configure:2345: g++ -v >&5
Using built-in specs.
COLLECT_GCC=g++
COLLECT_LTO_WRAPPER=/usr/libexec/gcc/i686-redhat-linux/4.6.3/lto-wrapper
Target: i686-redhat-linux
Configured with: ../configure --prefix=/usr --mandir=/usr/share/man --infodir=/usr/share/info --with-bugurl=http://bugzilla.redhat.com/bugzilla --enable-bootstrap --enable-shared --enable-threads=posix --enable-checking=release --with-system-zlib --enable-__cxa_atexit --disable-libunwind-exceptions --enable-gnu-unique-object --enable-linker-build-id --enable-languages=c,c++,objc,obj-c++,java,fortran,ada,go,lto --enable-plugin --enable-java-awt=gtk --disable-dssi --with-java-home=/usr/lib/jvm/java-1.5.0-gcj-1.5.0.0/jre --enable-libgcj-multifile --enable-java-maintainer-mode --with-ecj-jar=/usr/share/java/eclipse-ecj.jar --disable-libjava-multilib --with-ppl --with-cloog --with-tune=generic --with-arch=i686 --build=i686-redhat-linux
Thread model: posix
gcc version 4.6.3 20120306 (Red Hat 4.6.3-2) (GCC) 
configure:2356: $? = 0
configure:2345: g++ -V >&5
g++: error: unrecognized option '-V'
g++: fatal error: no input files
compilation terminated.
configure:2356: $? = 4
configure:2345: g++ -qversion >&5
g++: error: unrecognized option '-qversion'
g++: fatal error: no input files
compilation terminated.
configure:2356: $? = 4
configure:2376: checking whether the C++ compiler works
configure:2398: g++    conftest.cpp  >&5
configure:2402: $? = 0
configure:2451: result: yes
configure:2454: checking for C++ compiler default output file name
configure:2456: result: a.out
configure:2462: checking for suffix of executables
configure:2469: g++ -o conftest    conftest.cpp  >&5
configure:2473: $? = 0
configure:2495: result: 
configure:2517: checking whether we are cross compiling
configure:2525: g++ -o conftest    conftest.cpp  >&5
configure:2529: $? = 0
configure:2536: ./conftest
configure:2540: $? = 0
configure:2555: result: no
configure:2560: checking for suffix of object files
configure:2582: g++ -c   conftest.cpp >&5
configure:2586: $? = 0
configure:2607: result: o
configure:2611: checking whether we are using the GNU C++ compiler
configure:2630: g++ -c   conftest.cpp >&5
configure:2630: $? = 0
configure:2639: result: yes
configure:2648: checking whether g++ accepts -g
configure:2668: g++ -c -g  conftest.cpp >&5
configure:2668: $? = 0
configure:2709: result: yes
configure:2739: checking whether make sets $(MAKE)
configure:2761: result: yes
configure:2777: checking how to run the C++ preprocessor
configure:2804: g++ -E  conftest.cpp
configure:2804: $? = 0
configure:2818: g++ -E  conftest.cpp
conftest.cpp:9:28: fatal error: ac_nonexistent.h: No such file or directory
compilation terminated.
configure:2818: $? = 1
configure: failed program was:
| /* confdefs.h */
| #define PACKAGE_NAME ""
| #define PACKAGE_TARNAME ""
| #define PACKAGE_VERSION ""
| #define PACKAGE_STRING ""
| #define PACKAGE_BUGREPORT ""
| #define PACKAGE_URL ""
| /* end confdefs.h.  */
| #include <ac_nonexistent.h>
configure:2843: result: g++ -E
configure:2863: g++ -E  conftest.cpp
configure:2863: $? = 0
configure:2877: g++ -E  conftest.cpp
conftest.cpp:9:28: fatal error: ac_nonexistent.h: No such file or directory
compilation terminated.
configure:2877: $? = 1
configure: failed program was:
| /* confdefs.h */
| #define PACKAGE_NAME ""
| #define PACKAGE_TARNAME ""
| #define PACKAGE_VERSION ""
| #define PACKAGE_STRING ""
| #define PACKAGE_BUGREPORT ""
| #define PACKAGE_URL ""
| /* end confdefs.h.  */
| #include <ac_nonexistent.h>
configure:2906: checking for grep that handles long lines and -e
configure:2964: result: /bin/grep
configure:2969: checking for egrep
configure:3031: result: /bin/grep -E
configure:3036: checking for ANSI C header files
configure:3056: g++ -c -g -O2  conftest.cpp >&5
configure:3056: $? = 0
configure:3129: g++ -o conftest -g -O2   conftest.cpp  >&5
configure:3129: $? = 0
configure:3129: ./conftest
configure:3129: $? = 0
configure:3140: result: yes
configure:3149: checking for inline
configure:3165: g++ -c -g -O2  conftest.cpp >&5
configure:3165: $? = 0
configure:3173: result: inline
configure:3193: checking for memset
configure:3193: g++ -o conftest -g -O2   conftest.cpp  >&5
configure:3193: $? = 0
configure:3193: result: yes
configure:3204: checking for mkfifo
configure:3204: g++ -o conftest -g -O2   conftest.cpp  >&5
configure:3204: $? = 0
configure:3204: result: yes
configure:3215: checking for strstr
configure:3215: g++ -o conftest -g -O2   conftest.cpp  >&5
configure:3215: $? = 0
configure:3215: result: yes
configure:3226: checking for unlink
configure:3226: g++ -o conftest -g -O2   conftest.cpp  >&5
configure:3226: $? = 0
configure:3226: result: yes
configure:3237: checking for open
configure:3237: g++ -o conftest -g -O2   conftest.cpp  >&5
configure:3237: $? = 0
configure:3237: result: yes
configure:3248: checking for read
configure:3248: g++ -o conftest -g -O2   conftest.cpp  >&5
configure:3248: $? = 0
configure:3248: result: yes
configure:3259: checking for close
configure:3259: g++ -o conftest -g -O2   conftest.cpp  >&5
configure:3259: $? = 0
configure:3259: result: yes
configure:3270: checking for strstr
configure:3270: result: yes
configure:3281: checking for strcmp
configure:3281: g++ -o conftest -g -O2   conftest.cpp  >&5
configure:3281: $? = 0
configure:3281: result: yes
configure:3292: checking for strdup
configure:3292: g++ -o conftest -g -O2   conftest.cpp  >&5
configure:3292: $? = 0
configure:3292: result: yes
configure:3303: checking for strcasecmp
configure:3303: g++ -o conftest -g -O2   conftest.cpp  >&5
configure:3303: $? = 0
configure:3303: result: yes
configure:3314: checking for pthread_create
configure:3314: g++ -o conftest -g -O2   conftest.cpp  >&5
/tmp/ccTaLzHi.o: In function `main':
/home/josh/devel/xiv-0.8/conftest.cpp:55: undefined reference to `pthread_create'
collect2: ld returned 1 exit status
configure:3314: $? = 1
configure: failed program was:
| /* confdefs.h */
| #define PACKAGE_NAME ""
| #define PACKAGE_TARNAME ""
| #define PACKAGE_VERSION ""
| #define PACKAGE_STRING ""
| #define PACKAGE_BUGREPORT ""
| #define PACKAGE_URL ""
| #define STDC_HEADERS 1
| #define HAVE_MEMSET 1
| #define HAVE_MKFIFO 1
| #define HAVE_STRSTR 1
| #define HAVE_UNLINK 1
| #define HAVE_OPEN 1
| #define HAVE_READ 1
| #define HAVE_CLOSE 1
| #define HAVE_STRSTR 1
| #define HAVE_STRCMP 1
| #define HAVE_STRDUP 1
| #define HAVE_STRCASECMP 1
| /* end confdefs.h.  */
| /* Define pthread_create to an innocuous variant, in case <limits.h> declares pthread_create.
|    For example, HP-UX 11i <limits.h> declares gettimeofday.  */
| #define pthread_create innocuous_pthread_create
| 
| /* System header to define __stub macros and hopefully few prototypes,
|     which can conflict with char pthread_create (); below.
|     Prefer <limits.h> to <assert.h> if __STDC__ is defined, since
|     <limits.h> exists even on freestanding compilers.  */
| 
| #ifdef __STDC__
| # include <limits.h>
| #else
| # include <assert.h>
| #endif
| 
| #undef pthread_create
| 
| /* Override any GCC internal prototype to avoid an error.
|    Use char because int might match the return type of a GCC
|    builtin and then its argument prototype would still apply.  */
| #ifdef __cplusplus
| extern "C"
| #endif
| char pthread_create ();
| /* The GNU C library defines this for functions which it implements
|     to always fail with ENOSYS.  Some functions are actually named
|     something starting with __ and the normal name is an alias.  */
| #if defined __stub_pthread_create || defined __stub___pthread_create
| choke me
| #endif
| 
| int
| main ()
| {
| return pthread_create ();
|   ;
|   return 0;
| }
configure:3314: result: no
configure:3325: checking for pthread_mutex_lock
configure:3325: g++ -o conftest -g -O2   conftest.cpp  >&5
configure:3325: $? = 0
configure:3325: result: yes
configure:3336: checking for pthread_mutex_unlock
configure:3336: g++ -o conftest -g -O2   conftest.cpp  >&5
configure:3336: $? = 0
configure:3336: result: yes
configure:3347: checking for setjmp
configure:3347: g++ -o conftest -g -O2   conftest.cpp  >&5
configure:3347: $? = 0
configure:3347: result: yes
configure:3358: checking for longjmp
configure:3358: g++ -o conftest -g -O2   conftest.cpp  >&5
configure:3358: $? = 0
configure:3358: result: yes
configure:3369: checking for powf
configure:3369: g++ -o conftest -g -O2   conftest.cpp  >&5
configure:3369: $? = 0
configure:3369: result: yes
configure:3380: checking for dirname
configure:3380: g++ -o conftest -g -O2   conftest.cpp  >&5
configure:3380: $? = 0
configure:3380: result: yes
configure:3391: checking for basename
configure:3391: g++ -o conftest -g -O2   conftest.cpp  >&5
configure:3391: $? = 0
configure:3391: result: yes
configure:3402: checking for opendir
configure:3402: g++ -o conftest -g -O2   conftest.cpp  >&5
configure:3402: $? = 0
configure:3402: result: yes
configure:3413: checking for readdir
configure:3413: g++ -o conftest -g -O2   conftest.cpp  >&5
configure:3413: $? = 0
configure:3413: result: yes
configure:3424: checking for closedir
configure:3424: g++ -o conftest -g -O2   conftest.cpp  >&5
configure:3424: $? = 0
configure:3424: result: yes
configure:3438: checking for sys/types.h
configure:3438: g++ -c -g -O2  conftest.cpp >&5
configure:3438: $? = 0
configure:3438: result: yes
configure:3438: checking for sys/stat.h
configure:3438: g++ -c -g -O2  conftest.cpp >&5
configure:3438: $? = 0
configure:3438: result: yes
configure:3438: checking for stdlib.h
configure:3438: g++ -c -g -O2  conftest.cpp >&5
configure:3438: $? = 0
configure:3438: result: yes
configure:3438: checking for string.h
configure:3438: g++ -c -g -O2  conftest.cpp >&5
configure:3438: $? = 0
configure:3438: result: yes
configure:3438: checking for memory.h
configure:3438: g++ -c -g -O2  conftest.cpp >&5
configure:3438: $? = 0
configure:3438: result: yes
configure:3438: checking for strings.h
configure:3438: g++ -c -g -O2  conftest.cpp >&5
configure:3438: $? = 0
configure:3438: result: yes
configure:3438: checking for inttypes.h
configure:3438: g++ -c -g -O2  conftest.cpp >&5
configure:3438: $? = 0
configure:3438: result: yes
configure:3438: checking for stdint.h
configure:3438: g++ -c -g -O2  conftest.cpp >&5
configure:3438: $? = 0
configure:3438: result: yes
configure:3438: checking for unistd.h
configure:3438: g++ -c -g -O2  conftest.cpp >&5
configure:3438: $? = 0
configure:3438: result: yes
configure:3453: checking X11/Xlib.h usability
configure:3453: g++ -c -g -O2  conftest.cpp >&5
configure:3453: $? = 0
configure:3453: result: yes
configure:3453: checking X11/Xlib.h presence
configure:3453: g++ -E  conftest.cpp
configure:3453: $? = 0
configure:3453: result: yes
configure:3453: checking for X11/Xlib.h
configure:3453: result: yes
configure:3467: checking X11/Xutil.h usability
configure:3467: g++ -c -g -O2  conftest.cpp >&5
configure:3467: $? = 0
configure:3467: result: yes
configure:3467: checking X11/Xutil.h presence
configure:3467: g++ -E  conftest.cpp
configure:3467: $? = 0
configure:3467: result: yes
configure:3467: checking for X11/Xutil.h
configure:3467: result: yes
configure:3481: checking math.h usability
configure:3481: g++ -c -g -O2  conftest.cpp >&5
configure:3481: $? = 0
configure:3481: result: yes
configure:3481: checking math.h presence
configure:3481: g++ -E  conftest.cpp
configure:3481: $? = 0
configure:3481: result: yes
configure:3481: checking for math.h
configure:3481: result: yes
configure:3493: checking pthread.h usability
configure:3493: g++ -c -g -O2  conftest.cpp >&5
configure:3493: $? = 0
configure:3493: result: yes
configure:3493: checking pthread.h presence
configure:3493: g++ -E  conftest.cpp
configure:3493: $? = 0
configure:3493: result: yes
configure:3493: checking for pthread.h
configure:3493: result: yes
configure:3505: checking fcntl.h usability
configure:3505: g++ -c -g -O2  conftest.cpp >&5
configure:3505: $? = 0
configure:3505: result: yes
configure:3505: checking fcntl.h presence
configure:3505: g++ -E  conftest.cpp
configure:3505: $? = 0
configure:3505: result: yes
configure:3505: checking for fcntl.h
configure:3505: result: yes
configure:3517: checking for stdlib.h
configure:3517: result: yes
configure:3529: checking for string.h
configure:3529: result: yes
configure:3541: checking for unistd.h
configure:3541: result: yes
configure:3553: checking for sys/types.h
configure:3553: result: yes
configure:3565: checking for sys/stat.h
configure:3565: result: yes
configure:3577: checking setjmp.h usability
configure:3577: g++ -c -g -O2  conftest.cpp >&5
configure:3577: $? = 0
configure:3577: result: yes
configure:3577: checking setjmp.h presence
configure:3577: g++ -E  conftest.cpp
configure:3577: $? = 0
configure:3577: result: yes
configure:3577: checking for setjmp.h
configure:3577: result: yes
configure:3589: checking libgen.h usability
configure:3589: g++ -c -g -O2  conftest.cpp >&5
configure:3589: $? = 0
configure:3589: result: yes
configure:3589: checking libgen.h presence
configure:3589: g++ -E  conftest.cpp
configure:3589: $? = 0
configure:3589: result: yes
configure:3589: checking for libgen.h
configure:3589: result: yes
configure:3601: checking dirent.h usability
configure:3601: g++ -c -g -O2  conftest.cpp >&5
configure:3601: $? = 0
configure:3601: result: yes
configure:3601: checking dirent.h presence
configure:3601: g++ -E  conftest.cpp
configure:3601: $? = 0
configure:3601: result: yes
configure:3601: checking for dirent.h
configure:3601: result: yes
configure:3611: checking for jpeg_read_scanlines in -ljpeg
configure:3636: g++ -o conftest -g -O2   conftest.cpp -ljpeg   >&5
configure:3636: $? = 0
configure:3645: result: yes
configure:3659: checking for TIFFReadScanline in -ltiff
configure:3684: g++ -o conftest -g -O2   conftest.cpp -ltiff  -ljpeg  >&5
configure:3684: $? = 0
configure:3693: result: yes
configure:3707: checking for exif_data_new_from_file in -lexif
configure:3732: g++ -o conftest -g -O2   conftest.cpp -lexif  -ltiff -ljpeg  >&5
/usr/bin/ld: cannot find -lexif
collect2: ld returned 1 exit status
configure:3732: $? = 1
configure: failed program was:
| /* confdefs.h */
| #define PACKAGE_NAME ""
| #define PACKAGE_TARNAME ""
| #define PACKAGE_VERSION ""
| #define PACKAGE_STRING ""
| #define PACKAGE_BUGREPORT ""
| #define PACKAGE_URL ""
| #define STDC_HEADERS 1
| #define HAVE_MEMSET 1
| #define HAVE_MKFIFO 1
| #define HAVE_STRSTR 1
| #define HAVE_UNLINK 1
| #define HAVE_OPEN 1
| #define HAVE_READ 1
| #define HAVE_CLOSE 1
| #define HAVE_STRSTR 1
| #define HAVE_STRCMP 1
| #define HAVE_STRDUP 1
| #define HAVE_STRCASECMP 1
| #define HAVE_PTHREAD_MUTEX_LOCK 1
| #define HAVE_PTHREAD_MUTEX_UNLOCK 1
| #define HAVE_SETJMP 1
| #define HAVE_LONGJMP 1
| #define HAVE_POWF 1
| #define HAVE_DIRNAME 1
| #define HAVE_BASENAME 1
| #define HAVE_OPENDIR 1
| #define HAVE_READDIR 1
| #define HAVE_CLOSEDIR 1
| #define HAVE_SYS_TYPES_H 1
| #define HAVE_SYS_STAT_H 1
| #define HAVE_STDLIB_H 1
| #define HAVE_STRING_H 1
| #define HAVE_MEMORY_H 1
| #define HAVE_STRINGS_H 1
| #define HAVE_INTTYPES_H 1
| #define HAVE_STDINT_H 1
| #define HAVE_UNISTD_H 1
| #define HAVE_X11_XLIB_H 1
| #define HAVE_X11_XUTIL_H 1
| #define HAVE_MATH_H 1
| #define HAVE_PTHREAD_H 1
| #define HAVE_FCNTL_H 1
| #define HAVE_STDLIB_H 1
| #define HAVE_STRING_H 1
| #define HAVE_UNISTD_H 1
| #define HAVE_SYS_TYPES_H 1
| #define HAVE_SYS_STAT_H 1
| #define HAVE_SETJMP_H 1
| #define HAVE_LIBGEN_H 1
| #define HAVE_DIRENT_H 1
| #define HAVE_LIBJPEG 1
| #define HAVE_LIBTIFF 1
| /* end confdefs.h.  */
| 
| /* Override any GCC internal prototype to avoid an error.
|    Use char because int might match the return type of a GCC
|    builtin and then its argument prototype would still apply.  */
| #ifdef __cplusplus
| extern "C"
| #endif
| char exif_data_new_from_file ();
| int
| main ()
| {
| return exif_data_new_from_file ();
|   ;
|   return 0;
| }
configure:3741: result: no
configure:3751: WARNING: Required library EXIF not found
configure:3755: checking for pthread_create in -lpthread
configure:3780: g++ -o conftest -g -O2   conftest.cpp -lpthread  -ltiff -ljpeg  >&5
configure:3780: $? = 0
configure:3789: result: yes
configure:3802: checking for XOpenDisplay in -lX11
configure:3827: g++ -o conftest -g -O2   conftest.cpp -lX11  -lpthread -ltiff -ljpeg  >&5
configure:3827: $? = 0
configure:3836: result: yes
configure:3849: checking for an ANSI C-conforming const
configure:3914: g++ -c -g -O2  conftest.cpp >&5
configure:3914: $? = 0
configure:3921: result: yes
configure:3931: checking for stdlib.h
configure:3931: result: yes
configure:3941: checking for GNU libc compatible malloc
configure:3965: g++ -o conftest -g -O2   conftest.cpp -lX11 -lpthread -ltiff -ljpeg  >&5
configure:3965: $? = 0
configure:3965: ./conftest
configure:3965: $? = 0
configure:3975: result: yes
configure:3996: checking for stdbool.h that conforms to C99
configure:4081: g++ -c -g -O2  conftest.cpp >&5
configure:4081: $? = 0
configure:4088: result: yes
configure:4090: checking for _Bool
configure:4090: g++ -c -g -O2  conftest.cpp >&5
conftest.cpp: In function 'int main()':
conftest.cpp:95:13: error: '_Bool' was not declared in this scope
configure:4090: $? = 1
configure: failed program was:
| /* confdefs.h */
| #define PACKAGE_NAME ""
| #define PACKAGE_TARNAME ""
| #define PACKAGE_VERSION ""
| #define PACKAGE_STRING ""
| #define PACKAGE_BUGREPORT ""
| #define PACKAGE_URL ""
| #define STDC_HEADERS 1
| #define HAVE_MEMSET 1
| #define HAVE_MKFIFO 1
| #define HAVE_STRSTR 1
| #define HAVE_UNLINK 1
| #define HAVE_OPEN 1
| #define HAVE_READ 1
| #define HAVE_CLOSE 1
| #define HAVE_STRSTR 1
| #define HAVE_STRCMP 1
| #define HAVE_STRDUP 1
| #define HAVE_STRCASECMP 1
| #define HAVE_PTHREAD_MUTEX_LOCK 1
| #define HAVE_PTHREAD_MUTEX_UNLOCK 1
| #define HAVE_SETJMP 1
| #define HAVE_LONGJMP 1
| #define HAVE_POWF 1
| #define HAVE_DIRNAME 1
| #define HAVE_BASENAME 1
| #define HAVE_OPENDIR 1
| #define HAVE_READDIR 1
| #define HAVE_CLOSEDIR 1
| #define HAVE_SYS_TYPES_H 1
| #define HAVE_SYS_STAT_H 1
| #define HAVE_STDLIB_H 1
| #define HAVE_STRING_H 1
| #define HAVE_MEMORY_H 1
| #define HAVE_STRINGS_H 1
| #define HAVE_INTTYPES_H 1
| #define HAVE_STDINT_H 1
| #define HAVE_UNISTD_H 1
| #define HAVE_X11_XLIB_H 1
| #define HAVE_X11_XUTIL_H 1
| #define HAVE_MATH_H 1
| #define HAVE_PTHREAD_H 1
| #define HAVE_FCNTL_H 1
| #define HAVE_STDLIB_H 1
| #define HAVE_STRING_H 1
| #define HAVE_UNISTD_H 1
| #define HAVE_SYS_TYPES_H 1
| #define HAVE_SYS_STAT_H 1
| #define HAVE_SETJMP_H 1
| #define HAVE_LIBGEN_H 1
| #define HAVE_DIRENT_H 1
| #define HAVE_LIBJPEG 1
| #define HAVE_LIBTIFF 1
| #define HAVE_LIBPTHREAD 1
| #define HAVE_LIBX11 1
| #define HAVE_STDLIB_H 1
| #define HAVE_MALLOC 1
| /* end confdefs.h.  */
| #include <stdio.h>
| #ifdef HAVE_SYS_TYPES_H
| # include <sys/types.h>
| #endif
| #ifdef HAVE_SYS_STAT_H
| # include <sys/stat.h>
| #endif
| #ifdef STDC_HEADERS
| # include <stdlib.h>
| # include <stddef.h>
| #else
| # ifdef HAVE_STDLIB_H
| #  include <stdlib.h>
| # endif
| #endif
| #ifdef HAVE_STRING_H
| # if !defined STDC_HEADERS && defined HAVE_MEMORY_H
| #  include <memory.h>
| # endif
| # include <string.h>
| #endif
| #ifdef HAVE_STRINGS_H
| # include <strings.h>
| #endif
| #ifdef HAVE_INTTYPES_H
| # include <inttypes.h>
| #endif
| #ifdef HAVE_STDINT_H
| # include <stdint.h>
| #endif
| #ifdef HAVE_UNISTD_H
| # include <unistd.h>
| #endif
| int
| main ()
| {
| if (sizeof (_Bool))
| 	 return 0;
|   ;
|   return 0;
| }
configure:4090: result: no
configure:4106: checking for X
configure:4214: g++ -E  conftest.cpp
configure:4214: $? = 0
configure:4245: g++ -o conftest -g -O2   conftest.cpp -lX11 -lX11 -lpthread -ltiff -ljpeg  >&5
configure:4245: $? = 0
configure:4295: result: libraries , headers 
configure:4347: checking for gcc
configure:4363: found /usr/bin/gcc
configure:4374: result: gcc
configure:4603: checking for C compiler version
configure:4612: gcc --version >&5
gcc (GCC) 4.6.3 20120306 (Red Hat 4.6.3-2)
Copyright (C) 2011 Free Software Foundation, Inc.
This is free software; see the source for copying conditions.  There is NO
warranty; not even for MERCHANTABILITY or FITNESS FOR A PARTICULAR PURPOSE.

configure:4623: $? = 0
configure:4612: gcc -v >&5
Using built-in specs.
COLLECT_GCC=gcc
COLLECT_LTO_WRAPPER=/usr/libexec/gcc/i686-redhat-linux/4.6.3/lto-wrapper
Target: i686-redhat-linux
Configured with: ../configure --prefix=/usr --mandir=/usr/share/man --infodir=/usr/share/info --with-bugurl=http://bugzilla.redhat.com/bugzilla --enable-bootstrap --enable-shared --enable-threads=posix --enable-checking=release --with-system-zlib --enable-__cxa_atexit --disable-libunwind-exceptions --enable-gnu-unique-object --enable-linker-build-id --enable-languages=c,c++,objc,obj-c++,java,fortran,ada,go,lto --enable-plugin --enable-java-awt=gtk --disable-dssi --with-java-home=/usr/lib/jvm/java-1.5.0-gcj-1.5.0.0/jre --enable-libgcj-multifile --enable-java-maintainer-mode --with-ecj-jar=/usr/share/java/eclipse-ecj.jar --disable-libjava-multilib --with-ppl --with-cloog --with-tune=generic --with-arch=i686 --build=i686-redhat-linux
Thread model: posix
gcc version 4.6.3 20120306 (Red Hat 4.6.3-2) (GCC) 
configure:4623: $? = 0
configure:4612: gcc -V >&5
gcc: error: unrecognized option '-V'
gcc: fatal error: no input files
compilation terminated.
configure:4623: $? = 4
configure:4612: gcc -qversion >&5
gcc: error: unrecognized option '-qversion'
gcc: fatal error: no input files
compilation terminated.
configure:4623: $? = 4
configure:4627: checking whether we are using the GNU C compiler
configure:4646: gcc -c   conftest.c >&5
configure:4646: $? = 0
configure:4655: result: yes
configure:4664: checking whether gcc accepts -g
configure:4684: gcc -c -g  conftest.c >&5
configure:4684: $? = 0
configure:4725: result: yes
configure:4742: checking for gcc option to accept ISO C89
configure:4806: gcc  -c -g -O2  conftest.c >&5
configure:4806: $? = 0
configure:4819: result: none needed
configure:4839: checking for uint16_t
configure:4839: g++ -c -g -O2  conftest.cpp >&5
configure:4839: $? = 0
configure:4839: result: yes
configure:4956: creating ./config.status

## ---------------------- ##
## Running config.status. ##
## ---------------------- ##

This file was extended by config.status, which was
generated by GNU Autoconf 2.65.  Invocation command line was

  CONFIG_FILES    = 
  CONFIG_HEADERS  = 
  CONFIG_LINKS    = 
  CONFIG_COMMANDS = 
  $ ./config.status 

on eddie

config.status:847: creating Makefile
config.status:847: creating config.h

## ---------------- ##
## Cache variables. ##
## ---------------- ##

ac_cv_c_compiler_gnu=yes
ac_cv_c_const=yes
ac_cv_c_inline=inline
ac_cv_c_uint16_t=yes
ac_cv_cxx_compiler_gnu=yes
ac_cv_env_CCC_set=
ac_cv_env_CCC_value=
ac_cv_env_CC_set=
ac_cv_env_CC_value=
ac_cv_env_CFLAGS_set=
ac_cv_env_CFLAGS_value=
ac_cv_env_CPPFLAGS_set=
ac_cv_env_CPPFLAGS_value=
ac_cv_env_CXXCPP_set=
ac_cv_env_CXXCPP_value=
ac_cv_env_CXXFLAGS_set=
ac_cv_env_CXXFLAGS_value=
ac_cv_env_CXX_set=
ac_cv_env_CXX_value=
ac_cv_env_LDFLAGS_set=
ac_cv_env_LDFLAGS_value=
ac_cv_env_LIBS_set=
ac_cv_env_LIBS_value=
ac_cv_env_XMKMF_set=
ac_cv_env_XMKMF_value=
ac_cv_env_build_alias_set=
ac_cv_env_build_alias_value=
ac_cv_env_host_alias_set=
ac_cv_env_host_alias_value=
ac_cv_env_target_alias_set=
ac_cv_env_target_alias_value=
ac_cv_func_basename=yes
ac_cv_func_close=yes
ac_cv_func_closedir=yes
ac_cv_func_dirname=yes
ac_cv_func_longjmp=yes
ac_cv_func_malloc_0_nonnull=yes
ac_cv_func_memset=yes
ac_cv_func_mkfifo=yes
ac_cv_func_open=yes
ac_cv_func_opendir=yes
ac_cv_func_powf=yes
ac_cv_func_pthread_create=no
ac_cv_func_pthread_mutex_lock=yes
ac_cv_func_pthread_mutex_unlock=yes
ac_cv_func_read=yes
ac_cv_func_readdir=yes
ac_cv_func_setjmp=yes
ac_cv_func_strcasecmp=yes
ac_cv_func_strcmp=yes
ac_cv_func_strdup=yes
ac_cv_func_strstr=yes
ac_cv_func_unlink=yes
ac_cv_have_x='have_x=yes	ac_x_includes='\'''\''	ac_x_libraries='\'''\'''
ac_cv_header_X11_Xlib_h=yes
ac_cv_header_X11_Xutil_h=yes
ac_cv_header_dirent_h=yes
ac_cv_header_fcntl_h=yes
ac_cv_header_inttypes_h=yes
ac_cv_header_libgen_h=yes
ac_cv_header_math_h=yes
ac_cv_header_memory_h=yes
ac_cv_header_pthread_h=yes
ac_cv_header_setjmp_h=yes
ac_cv_header_stdbool_h=yes
ac_cv_header_stdc=yes
ac_cv_header_stdint_h=yes
ac_cv_header_stdlib_h=yes
ac_cv_header_string_h=yes
ac_cv_header_strings_h=yes
ac_cv_header_sys_stat_h=yes
ac_cv_header_sys_types_h=yes
ac_cv_header_unistd_h=yes
ac_cv_lib_X11_XOpenDisplay=yes
ac_cv_lib_exif_exif_data_new_from_file=no
ac_cv_lib_jpeg_jpeg_read_scanlines=yes
ac_cv_lib_pthread_pthread_create=yes
ac_cv_lib_tiff_TIFFReadScanline=yes
ac_cv_objext=o
ac_cv_path_EGREP='/bin/grep -E'
ac_cv_path_GREP=/bin/grep
ac_cv_prog_CXXCPP='g++ -E'
ac_cv_prog_ac_ct_CC=gcc
ac_cv_prog_ac_ct_CXX=g++
ac_cv_prog_cc_c89=
ac_cv_prog_cc_g=yes
ac_cv_prog_cxx_g=yes
ac_cv_prog_make_make_set=yes
ac_cv_type__Bool=no

## ----------------- ##
## Output variables. ##
## ----------------- ##

CC='gcc'
CFLAGS='-g -O2'
CPPFLAGS=''
CXX='g++'
CXXCPP='g++ -E'
CXXFLAGS='-g -O2'
DEFS='-DHAVE_CONFIG_H'
ECHO_C=''
ECHO_N='-n'
ECHO_T=''
EGREP='/bin/grep -E'
EXEEXT=''
GREP='/bin/grep'
LDFLAGS=''
LIBOBJS=''
LIBS='-lX11 -lpthread -ltiff -ljpeg '
LTLIBOBJS=''
OBJEXT='o'
PACKAGE_BUGREPORT=''
PACKAGE_NAME=''
PACKAGE_STRING=''
PACKAGE_TARNAME=''
PACKAGE_URL=''
PACKAGE_VERSION=''
PATH_SEPARATOR=':'
SET_MAKE=''
SHELL='/bin/sh'
VERSION='0.8'
XMKMF=''
ac_ct_CC='gcc'
ac_ct_CXX='g++'
bindir='${exec_prefix}/bin'
build_alias=''
datadir='${datarootdir}'
datarootdir='${prefix}/share'
docdir='${datarootdir}/doc/${PACKAGE}'
dvidir='${docdir}'
exec_prefix='${prefix}'
host_alias=''
htmldir='${docdir}'
includedir='${prefix}/include'
infodir='${datarootdir}/info'
libdir='${exec_prefix}/lib'
libexecdir='${exec_prefix}/libexec'
localedir='${datarootdir}/locale'
localstatedir='${prefix}/var'
mandir='${datarootdir}/man'
oldincludedir='/usr/include'
pdfdir='${docdir}'
prefix='/usr/local'
program_transform_name='s,x,x,'
psdir='${docdir}'
sbindir='${exec_prefix}/sbin'
sharedstatedir='${prefix}/com'
sysconfdir='${prefix}/etc'
target_alias=''

## ----------- ##
## confdefs.h. ##
## ----------- ##

/* confdefs.h */
#define PACKAGE_NAME ""
#define PACKAGE_TARNAME ""
#define PACKAGE_VERSION ""
#define PACKAGE_STRING ""
#define PACKAGE_BUGREPORT ""
#define PACKAGE_URL ""
#define STDC_HEADERS 1
#define HAVE_MEMSET 1
#define HAVE_MKFIFO 1
#define HAVE_STRSTR 1
#define HAVE_UNLINK 1
#define HAVE_OPEN 1
#define HAVE_READ 1
#define HAVE_CLOSE 1
#define HAVE_STRSTR 1
#define HAVE_STRCMP 1
#define HAVE_STRDUP 1
#define HAVE_STRCASECMP 1
#define HAVE_PTHREAD_MUTEX_LOCK 1
#define HAVE_PTHREAD_MUTEX_UNLOCK 1
#define HAVE_SETJMP 1
#define HAVE_LONGJMP 1
#define HAVE_POWF 1
#define HAVE_DIRNAME 1
#define HAVE_BASENAME 1
#define HAVE_OPENDIR 1
#define HAVE_READDIR 1
#define HAVE_CLOSEDIR 1
#define HAVE_SYS_TYPES_H 1
#define HAVE_SYS_STAT_H 1
#define HAVE_STDLIB_H 1
#define HAVE_STRING_H 1
#define HAVE_MEMORY_H 1
#define HAVE_STRINGS_H 1
#define HAVE_INTTYPES_H 1
#define HAVE_STDINT_H 1
#define HAVE_UNISTD_H 1
#define HAVE_X11_XLIB_H 1
#define HAVE_X11_XUTIL_H 1
#define HAVE_MATH_H 1
#define HAVE_PTHREAD_H 1
#define HAVE_FCNTL_H 1
#define HAVE_STDLIB_H 1
#define HAVE_STRING_H 1
#define HAVE_UNISTD_H 1
#define HAVE_SYS_TYPES_H 1
#define HAVE_SYS_STAT_H 1
#define HAVE_SETJMP_H 1
#define HAVE_LIBGEN_H 1
#define HAVE_DIRENT_H 1
#define HAVE_LIBJPEG 1
#define HAVE_LIBTIFF 1
#define HAVE_LIBPTHREAD 1
#define HAVE_LIBX11 1
#define HAVE_STDLIB_H 1
#define HAVE_MALLOC 1
#define HAVE_STDBOOL_H 1

configure: exit 0
